=== STEP A.1: qcompass-router baseline ===
....................................                                     [100%]
36 passed in 1.53s
=== STEP A.1 (extended): full workspace + qcompass-core ===
.......s................................................................ [ 88%]
.........                                                                [100%]
80 passed, 1 skipped in 21.77s

=== PROMPT 0 v2 reconciliation (post-refactor) ===
pytest packages -q -m "not slow": 182 passed, 7 skipped
qcompass-router (3 core adapters via QProvider isinstance check): True

=== PROMPT 3 v2 reconciliation (qfull-chemistry / qfull-condmat / qfull-amo) ===
qfull-{chemistry,condmat,amo}: 64 passed, 4 skipped, 1 deselected
workspace sweep: 197 passed, 7 skipped, 2 deselected
DoD registry assertion: {'cosmology.ucglef1','chemistry','condmat','amo'} <= list_domains() — PASS
list_domains(): ['amo', 'chemistry', 'condmat', 'cosmology.ucglef1', 'hep', 'nuclear', 'null']
new test: packages/qcompass-bench/tests/test_registry_v2.py::test_v2_plugin_bench_payload_alignment — PASS
freeze: intact (physics_dir_hash 42805c73...f8e92dd unchanged)

=== PROMPT 4 v2 reconciliation (frontend domain registry + e2e scaffolding) ===
freeze: intact (physics_dir_hash 42805c73...f8e92dd unchanged)
backend/audit -q -m "not slow": 50 passed, 1 deselected
packages -q -m "not slow" (excluding member src/audit dirs): 156 passed, 1 skipped
new TS files (additive):
  src/lib/domains/types.ts             (DomainPlugin interface)
  src/lib/domains/cosmology.ucglef1.ts (cosmology metadata, enabled: () => true)
  src/lib/domains/chemistry.ts         (chemistry metadata, gated on FEATURES.qcompassMultiDomain)
  src/lib/domains/registry.ts          (getDomainPlugin / listDomainPlugins / PHASE2_PLACEHOLDERS)
  src/services/qcompass/manifest.ts    (re-export shim — v2 path → v1 manifestSchema.ts)
new e2e harness (deferred runtime — needs `npm install --save-dev @playwright/test`):
  e2e/playwright.config.ts             (chromium + firefox + webkit projects)
  e2e/cosmology-byte-identity.spec.ts  (cross-browser byte-identity smoke)
  e2e/chemistry-h2-flow.spec.ts        (H2 manifest → provenance panel)
deferred (logged) conflicts:
  v2 §TASK 3 @rjsf/* swap — package.json/lockfile cannot be regenerated in sandbox
  v2 §DoD Playwright run — @playwright/test not installable in sandbox
  v2 §TASK 3 manifest.ts path — resolved via additive re-export shim, no rename

=== PROMPT 5 v2 reconciliation (qfull-hep + qfull-nuclear + suite=particle) ===
freeze: intact (physics_dir_hash 42805c73...f8e92dd unchanged)
backend/audit -q -m "not slow": 50 passed, 1 deselected
packages -q -m "not slow" (excluding member src/audit dirs): 165 passed, 1 skipped
hep + nuclear S-audits: 15 passed, 2 skipped (S1-6 each, q* paths skipped without SDK)
new test: packages/qcompass-bench/tests/test_prompt5_v2.py — 9 passed
new m11 schemas (qcompass-core):
  packages/qcompass-core/src/qcompass_core/m11_hamiltonians/lattice_gauge.py
    LatticeGaugeHamiltonian + read_/write_*_hdf5_stub
  packages/qcompass-core/src/qcompass_core/m11_hamiltonians/nuclear_shell.py
    NuclearShellHamiltonian + read_/write_*_hdf5_stub
new HEP surface:
  particle_obs builder: chiral_condensate, string_tension, anomaly_density
    each with value/unit/uncertainty/status/notes
  HEPResult.particle_obs + sidecar.particle_obs
  audit: S-hep-6 particle-obs units annotation
new Nuclear surface:
  ProblemKind 'effective_hamiltonian' (hypothetical-particle hook)
  EffectiveHamiltonianParams: heavy_neutrino_mixing | sterile_neutrino_oscillation
  model_domain helper: zero_nu_bb_toy → 1+1D_toy, ncsm_matrix_element → few_body_3d,
                       effective_hamiltonian → effective_hamiltonian
  particle_obs builder: lnv_signature, occupancy_imbalance, antisymmetry_residual,
                       mixing_amplitude, energy_gap
  NuclearResult.particle_obs + .model_domain + sidecar mirrors both
  new instances: heavy_neutrino_mixing.yaml, sterile_neutrino_osc.yaml
  audit: S-nuc-6 particle-obs schema across all 3 kinds
new bench surface:
  _SUITE_ALIASES: 'particle' → ('hep', 'nuclear')
  CLI: qcompass-bench run --suite particle --providers local_aer,ibm
  run_benchmark_suite('particle', providers=['local_aer']) green: schwinger pass
v2 §DoD: list_domains() ⊇ {hep, nuclear} — PASS

=== PROMPT 6 v2 reconciliation (PricingEngine + v2 calibration + suite=particle ranking) ===
freeze: intact (physics_dir_hash 42805c73...f8e92dd unchanged)
backend/audit -q -m "not slow": 50 passed, 1 deselected
packages -q -m "not slow" (excluding member src/audit dirs): 178 passed, 1 skipped
qcompass-router (incl. audits): 49 passed (36 v1 + 13 v2)
new pricing surface:
  Cost dataclass (provider/backend/shots/total_usd/breakdown/free_tier/source/notes)
  PricingEngine.estimate(provider, backend, circuit, shots) -> Cost
  PricingEngine.refresh_live(providers) — multi-provider fallback
  pricing_stub.account_credits() — Azure $200 starter credit metadata
  PricingEntry.is_free_tier honours v2 explicit `free_tier: true` key
new pricing_seed entries:
  ibm_kingston (Open Plan, fidelity 0.992) — v2 §A-router-5 named device
  azure free_tier:true on quantinuum_h2 + ionq_aria
  account_credits.azure: starter_credit_usd=200, credit_remaining_usd=200
new calibration v2 surface:
  DeviceCalibration dataclass (provider/backend/recorded_at/two_q_error/
                              readout_error/t1_us/t2_us)
  CalibrationCache.devices table (split T1/T2, recorded_at primary key)
  record_device / device_history / latest_device / drift_score / check_device_drift
  drift_score formula: |latest - 7d_median| / |7d_median|
  load_calibration_seed(name) reads bundled fixtures/calibration_seed/<name>.yaml
new fixtures:
  fixtures/calibration_seed/ibm_kingston.yaml (7-day stable FoMaC)
  fixtures/calibration_seed/ionq_forte.yaml  (7-day stable FoMaC)
new tests:
  packages/qcompass-router/tests/test_prompt6_v2.py — 13 passed
v2 free-tier order: ('ibm', 'iqm', 'braket', 'azure')
v1 audit updates (logged conflict):
  A-router-3: seed drift on both ibm_heron + ibm_kingston (v2 winner is kingston)
  A-router-5: assert decision.backend ∈ {ibm_heron, ibm_kingston}
  test_router_paid_cheapest: same — accept either Open Plan device
  Reason: PROMPT 6 v2 §A-router-5 explicitly names ibm_kingston as the
          Open Plan device the router prefers; both backends ride the same
          free-tier rank, so the v2 sort key (cost, then -fidelity) breaks
          ties on fidelity (kingston 0.992 > heron 0.99).
deps added: httpx>=0.28, sqlite-utils>=3.36 (qcompass-router pyproject)
